# JRE version: OpenJDK Runtime Environment (8.0_292-b10) (build 1.8.0_292-b10)
# Java VM: OpenJDK 64-Bit Server VM (25.292-b10 mixed mode windows-amd64 compressed oops)
Heap:
 PSYoungGen      total 153088K, used 119182K [0x00000000f5580000, 0x0000000100000000, 0x0000000100000000)
  eden space 137728K, 75% used [0x00000000f5580000,0x00000000fbaeb368,0x00000000fdc00000)
  from space 15360K, 99% used [0x00000000fee80000,0x00000000ffd785e0,0x00000000ffd80000)
  to   space 18432K, 0% used [0x00000000fdc00000,0x00000000fdc00000,0x00000000fee00000)
 ParOldGen       total 175104K, used 18091K [0x00000000e0000000, 0x00000000eab00000, 0x00000000f5580000)
  object space 175104K, 10% used [0x00000000e0000000,0x00000000e11aadc8,0x00000000eab00000)
 Metaspace       used 56485K, capacity 58922K, committed 59136K, reserved 1099776K
  class space    used 7602K, capacity 8137K, committed 8192K, reserved 1048576K
GC Heap History (10 events):
Event: 5.897 GC heap before
{Heap before GC invocations=6 (full 1):
 PSYoungGen      total 141824K, used 131072K [0x00000000f5580000, 0x00000000fea80000, 0x0000000100000000)
  eden space 131072K, 100% used [0x00000000f5580000,0x00000000fd580000,0x00000000fd580000)
  from space 10752K, 0% used [0x00000000fe000000,0x00000000fe000000,0x00000000fea80000)
  to   space 10752K, 0% used [0x00000000fd580000,0x00000000fd580000,0x00000000fe000000)
 ParOldGen       total 175104K, used 8142K [0x00000000e0000000, 0x00000000eab00000, 0x00000000f5580000)
  object space 175104K, 4% used [0x00000000e0000000,0x00000000e07f3a30,0x00000000eab00000)
 Metaspace       used 34245K, capacity 35258K, committed 35456K, reserved 1079296K
  class space    used 4677K, capacity 4923K, committed 4992K, reserved 1048576K
Event: 5.913 GC heap after
Heap after GC invocations=6 (full 1):
 PSYoungGen      total 141824K, used 10745K [0x00000000f5580000, 0x0000000100000000, 0x0000000100000000)
  eden space 131072K, 0% used [0x00000000f5580000,0x00000000f5580000,0x00000000fd580000)
  from space 10752K, 99% used [0x00000000fd580000,0x00000000fdffe490,0x00000000fe000000)
  to   space 16896K, 0% used [0x00000000fef80000,0x00000000fef80000,0x0000000100000000)
 ParOldGen       total 175104K, used 13491K [0x00000000e0000000, 0x00000000eab00000, 0x00000000f5580000)
  object space 175104K, 7% used [0x00000000e0000000,0x00000000e0d2cd28,0x00000000eab00000)
 Metaspace       used 34245K, capacity 35258K, committed 35456K, reserved 1079296K
  class space    used 4677K, capacity 4923K, committed 4992K, reserved 1048576K
}
Event: 5.956 GC heap before
{Heap before GC invocations=7 (full 1):
 PSYoungGen      total 141824K, used 17146K [0x00000000f5580000, 0x0000000100000000, 0x0000000100000000)
  eden space 131072K, 4% used [0x00000000f5580000,0x00000000f5bc06b0,0x00000000fd580000)
  from space 10752K, 99% used [0x00000000fd580000,0x00000000fdffe490,0x00000000fe000000)
  to   space 16896K, 0% used [0x00000000fef80000,0x00000000fef80000,0x0000000100000000)
 ParOldGen       total 175104K, used 13491K [0x00000000e0000000, 0x00000000eab00000, 0x00000000f5580000)
  object space 175104K, 7% used [0x00000000e0000000,0x00000000e0d2cd28,0x00000000eab00000)
 Metaspace       used 34508K, capacity 35456K, committed 35496K, reserved 1079296K
  class space    used 4717K, capacity 4988K, committed 4992K, reserved 1048576K
Event: 5.963 GC heap after
Heap after GC invocations=7 (full 1):
 PSYoungGen      total 158208K, used 8074K [0x00000000f5580000, 0x0000000100000000, 0x0000000100000000)
  eden space 141312K, 0% used [0x00000000f5580000,0x00000000f5580000,0x00000000fdf80000)
  from space 16896K, 47% used [0x00000000fef80000,0x00000000ff7629e0,0x0000000100000000)
  to   space 16384K, 0% used [0x00000000fdf80000,0x00000000fdf80000,0x00000000fef80000)
 ParOldGen       total 175104K, used 13499K [0x00000000e0000000, 0x00000000eab00000, 0x00000000f5580000)
  object space 175104K, 7% used [0x00000000e0000000,0x00000000e0d2ed28,0x00000000eab00000)
 Metaspace       used 34508K, capacity 35456K, committed 35496K, reserved 1079296K
  class space    used 4717K, capacity 4988K, committed 4992K, reserved 1048576K
}
Event: 5.963 GC heap before
{Heap before GC invocations=8 (full 2):
 PSYoungGen      total 158208K, used 8074K [0x00000000f5580000, 0x0000000100000000, 0x0000000100000000)
  eden space 141312K, 0% used [0x00000000f5580000,0x00000000f5580000,0x00000000fdf80000)
  from space 16896K, 47% used [0x00000000fef80000,0x00000000ff7629e0,0x0000000100000000)
  to   space 16384K, 0% used [0x00000000fdf80000,0x00000000fdf80000,0x00000000fef80000)
 ParOldGen       total 175104K, used 13499K [0x00000000e0000000, 0x00000000eab00000, 0x00000000f5580000)
  object space 175104K, 7% used [0x00000000e0000000,0x00000000e0d2ed28,0x00000000eab00000)
 Metaspace       used 34508K, capacity 35456K, committed 35496K, reserved 1079296K
  class space    used 4717K, capacity 4988K, committed 4992K, reserved 1048576K
Event: 6.027 GC heap after
Heap after GC invocations=8 (full 2):
 PSYoungGen      total 158208K, used 0K [0x00000000f5580000, 0x0000000100000000, 0x0000000100000000)
  eden space 141312K, 0% used [0x00000000f5580000,0x00000000f5580000,0x00000000fdf80000)
  from space 16896K, 0% used [0x00000000fef80000,0x00000000fef80000,0x0000000100000000)
  to   space 16384K, 0% used [0x00000000fdf80000,0x00000000fdf80000,0x00000000fef80000)
 ParOldGen       total 175104K, used 14872K [0x00000000e0000000, 0x00000000eab00000, 0x00000000f5580000)
  object space 175104K, 8% used [0x00000000e0000000,0x00000000e0e863c8,0x00000000eab00000)
 Metaspace       used 34504K, capacity 35450K, committed 35496K, reserved 1079296K
  class space    used 4716K, capacity 4986K, committed 4992K, reserved 1048576K
}
Event: 7.116 GC heap before
{Heap before GC invocations=9 (full 2):
 PSYoungGen      total 158208K, used 141312K [0x00000000f5580000, 0x0000000100000000, 0x0000000100000000)
  eden space 141312K, 100% used [0x00000000f5580000,0x00000000fdf80000,0x00000000fdf80000)
  from space 16896K, 0% used [0x00000000fef80000,0x00000000fef80000,0x0000000100000000)
  to   space 16384K, 0% used [0x00000000fdf80000,0x00000000fdf80000,0x00000000fef80000)
 ParOldGen       total 175104K, used 14872K [0x00000000e0000000, 0x00000000eab00000, 0x00000000f5580000)
  object space 175104K, 8% used [0x00000000e0000000,0x00000000e0e863c8,0x00000000eab00000)
 Metaspace       used 40647K, capacity 42330K, committed 42624K, reserved 1085440K
  class space    used 5603K, capacity 5953K, committed 6016K, reserved 1048576K
Event: 7.122 GC heap after
Heap after GC invocations=9 (full 2):
 PSYoungGen      total 151552K, used 9900K [0x00000000f5580000, 0x00000000ffd80000, 0x0000000100000000)
  eden space 141312K, 0% used [0x00000000f5580000,0x00000000f5580000,0x00000000fdf80000)
  from space 10240K, 96% used [0x00000000fdf80000,0x00000000fe92b010,0x00000000fe980000)
  to   space 15360K, 0% used [0x00000000fee80000,0x00000000fee80000,0x00000000ffd80000)
 ParOldGen       total 175104K, used 14880K [0x00000000e0000000, 0x00000000eab00000, 0x00000000f5580000)
  object space 175104K, 8% used [0x00000000e0000000,0x00000000e0e883c8,0x00000000eab00000)
 Metaspace       used 40647K, capacity 42330K, committed 42624K, reserved 1085440K
  class space    used 5603K, capacity 5953K, committed 6016K, reserved 1048576K
}
Event: 8.381 GC heap before
{Heap before GC invocations=10 (full 2):
 PSYoungGen      total 151552K, used 151212K [0x00000000f5580000, 0x00000000ffd80000, 0x0000000100000000)
  eden space 141312K, 100% used [0x00000000f5580000,0x00000000fdf80000,0x00000000fdf80000)
  from space 10240K, 96% used [0x00000000fdf80000,0x00000000fe92b010,0x00000000fe980000)
  to   space 15360K, 0% used [0x00000000fee80000,0x00000000fee80000,0x00000000ffd80000)
 ParOldGen       total 175104K, used 14880K [0x00000000e0000000, 0x00000000eab00000, 0x00000000f5580000)
  object space 175104K, 8% used [0x00000000e0000000,0x00000000e0e883c8,0x00000000eab00000)
 Metaspace       used 51371K, capacity 53446K, committed 53632K, reserved 1095680K
  class space    used 6969K, capacity 7491K, committed 7552K, reserved 1048576K
Event: 8.392 GC heap after
Heap after GC invocations=10 (full 2):
 PSYoungGen      total 153088K, used 15329K [0x00000000f5580000, 0x0000000100000000, 0x0000000100000000)
  eden space 137728K, 0% used [0x00000000f5580000,0x00000000f5580000,0x00000000fdc00000)
  from space 15360K, 99% used [0x00000000fee80000,0x00000000ffd785e0,0x00000000ffd80000)
  to   space 18432K, 0% used [0x00000000fdc00000,0x00000000fdc00000,0x00000000fee00000)
 ParOldGen       total 175104K, used 18091K [0x00000000e0000000, 0x00000000eab00000, 0x00000000f5580000)
  object space 175104K, 10% used [0x00000000e0000000,0x00000000e11aadc8,0x00000000eab00000)
 Metaspace       used 51371K, capacity 53446K, committed 53632K, reserved 1095680K
  class space    used 6969K, capacity 7491K, committed 7552K, reserved 1048576K
}

